<?xml version="1.0" encoding="UTF-8"?>
<!-- Generated by org.testng.reporters.JUnitReportReporter -->
<testsuite hostname="Naresh" failures="0" tests="2" name="MavenProject.POM_maven_project.LoginTestPage" time="24.122" errors="0" timestamp="2024-03-10T14:31:41 IST" skipped="0">
  <testcase classname="MavenProject.POM_maven_project.LoginTestPage" name="verifyloginFun" time="19.958"/>
  <system-out/>
  <testcase classname="MavenProject.POM_maven_project.LoginTestPage" name="VerifyLoginPage" time="4.164"/>
  <system-out/>
</testsuite> <!-- MavenProject.POM_maven_project.LoginTestPage -->
